
r:\Development\Projects\Home\Erebus\erebus-server>pushd build 

r:\Development\Projects\Home\Erebus\erebus-server\build>cmake .. -G "Visual Studio 17 2022" -DCMAKE_TOOLCHAIN_FILE=generators\conan_toolchain.cmake  -DCMAKE_POLICY_DEFAULT_CMP0091=NEW 
-- Determined Erebus server version 0.1.0
-- Using Conan toolchain: R:/Development/Projects/Home/Erebus/erebus-server/build/generators/conan_toolchain.cmake
-- Conan toolchain: CMAKE_GENERATOR_TOOLSET=v143
-- Conan toolchain: Setting CMAKE_MSVC_RUNTIME_LIBRARY=$<$<CONFIG:Debug>:MultiThreadedDebugDLL>$<$<CONFIG:Release>:MultiThreadedDLL>
-- Conan toolchain: C++ Standard 14 with extensions OFF
-- Selecting Windows SDK version 10.0.22621.0 to target Windows 10.0.17763.
-- Warning: Standard CMAKE_CXX_STANDARD value defined in conan_toolchain.cmake to 14 has been modified to 20 by R:/Development/Projects/Home/Erebus/erebus-server/CMakeLists.txt
-- Conan: Component target declared 'Boost::diagnostic_definitions'
-- Conan: Component target declared 'Boost::disable_autolinking'
-- Conan: Component target declared 'Boost::dynamic_linking'
-- Conan: Component target declared 'Boost::headers'
-- Conan: Component target declared 'Boost::boost'
-- Conan: Component target declared 'boost::_libboost'
-- Conan: Component target declared 'Boost::atomic'
-- Conan: Component target declared 'Boost::charconv'
-- Conan: Component target declared 'Boost::container'
-- Conan: Component target declared 'Boost::context'
-- Conan: Component target declared 'Boost::date_time'
-- Conan: Component target declared 'Boost::exception'
-- Conan: Component target declared 'Boost::math'
-- Conan: Component target declared 'Boost::program_options'
-- Conan: Component target declared 'Boost::regex'
-- Conan: Component target declared 'Boost::serialization'
-- Conan: Component target declared 'Boost::stacktrace'
-- Conan: Component target declared 'Boost::system'
-- Conan: Component target declared 'Boost::timer'
-- Conan: Component target declared 'Boost::chrono'
-- Conan: Component target declared 'Boost::coroutine'
-- Conan: Component target declared 'Boost::filesystem'
-- Conan: Component target declared 'Boost::json'
-- Conan: Component target declared 'Boost::math_c99'
-- Conan: Component target declared 'Boost::math_c99f'
-- Conan: Component target declared 'Boost::math_c99l'
-- Conan: Component target declared 'Boost::math_tr1'
-- Conan: Component target declared 'Boost::math_tr1f'
-- Conan: Component target declared 'Boost::math_tr1l'
-- Conan: Component target declared 'Boost::random'
-- Conan: Component target declared 'Boost::stacktrace_from_exception'
-- Conan: Component target declared 'Boost::stacktrace_noop'
-- Conan: Component target declared 'Boost::stacktrace_windbg'
-- Conan: Component target declared 'Boost::stacktrace_windbg_cached'
-- Conan: Component target declared 'Boost::test'
-- Conan: Component target declared 'Boost::url'
-- Conan: Component target declared 'Boost::wserialization'
-- Conan: Component target declared 'Boost::graph'
-- Conan: Component target declared 'Boost::iostreams'
-- Conan: Component target declared 'Boost::nowide'
-- Conan: Component target declared 'Boost::prg_exec_monitor'
-- Conan: Component target declared 'Boost::test_exec_monitor'
-- Conan: Component target declared 'Boost::thread'
-- Conan: Component target declared 'Boost::wave'
-- Conan: Component target declared 'Boost::contract'
-- Conan: Component target declared 'Boost::locale'
-- Conan: Component target declared 'Boost::log'
-- Conan: Component target declared 'Boost::type_erasure'
-- Conan: Component target declared 'Boost::unit_test_framework'
-- Conan: Component target declared 'Boost::log_setup'
-- Conan: Target declared 'boost::boost'
-- Conan: Target declared 'BZip2::BZip2'
-- Conan: Including build module from 'C:/Users/Ursus/.conan2/p/bzip25d2dbaf142a52/p/lib/cmake/conan-official-bzip2-variables.cmake'
-- Conan: Target declared 'ZLIB::ZLIB'
-- Conan: Component target declared 'fmt::fmt'
-- Conan: Component target declared 'GTest::gtest'
-- Conan: Component target declared 'GTest::gtest_main'
-- Conan: Component target declared 'GTest::gmock'
-- Conan: Component target declared 'GTest::gmock_main'
-- Conan: Target declared 'gtest::gtest'
-- Conan: Target declared 'lua::lua'
-- Conan: Target declared 'rapidjson'
-- Conan: Component target declared 'ValiJSON::valijson'
-- Conan: Component target declared 'utf8_range::utf8_range'
-- Conan: Component target declared 'utf8_range::utf8_validity'
-- Conan: Component target declared 'protobuf::libprotobuf'
-- Conan: Component target declared 'protobuf::libprotoc'
-- Conan: Target declared 'protobuf::protobuf'
-- Conan: Component target declared 'absl::config'
-- Conan: Component target declared 'absl::pretty_function'
-- Conan: Component target declared 'absl::civil_time'
-- Conan: Component target declared 'absl::time_zone'
-- Conan: Component target declared 'absl::errno_saver'
-- Conan: Component target declared 'absl::no_destructor'
-- Conan: Component target declared 'absl::dynamic_annotations'
-- Conan: Component target declared 'absl::core_headers'
-- Conan: Component target declared 'absl::fast_type_id'
-- Conan: Component target declared 'absl::algorithm'
-- Conan: Component target declared 'absl::hashtable_debug_hooks'
-- Conan: Component target declared 'absl::node_slot_policy'
-- Conan: Component target declared 'absl::non_temporal_arm_intrinsics'
-- Conan: Component target declared 'absl::log_internal_voidify'
-- Conan: Component target declared 'absl::numeric_representation'
-- Conan: Component target declared 'absl::random_seed_gen_exception'
-- Conan: Component target declared 'absl::random_internal_traits'
-- Conan: Component target declared 'absl::random_internal_fast_uniform_bits'
-- Conan: Component target declared 'absl::random_internal_platform'
-- Conan: Component target declared 'absl::has_ostream_operator'
-- Conan: Component target declared 'absl::cordz_update_tracker'
-- Conan: Component target declared 'absl::if_constexpr'
-- Conan: Component target declared 'absl::atomic_hook'
-- Conan: Component target declared 'absl::log_severity'
-- Conan: Component target declared 'absl::strerror'
-- Conan: Component target declared 'absl::prefetch'
-- Conan: Component target declared 'absl::hashtable_debug'
-- Conan: Component target declared 'absl::non_temporal_memcpy'
-- Conan: Component target declared 'absl::leak_check'
-- Conan: Component target declared 'absl::flags_commandlineflag_internal'
-- Conan: Component target declared 'absl::log_internal_config'
-- Conan: Component target declared 'absl::log_internal_nullguard'
-- Conan: Component target declared 'absl::type_traits'
-- Conan: Component target declared 'absl::bits'
-- Conan: Component target declared 'absl::exponential_biased'
-- Conan: Component target declared 'absl::random_internal_randen_slow'
-- Conan: Component target declared 'absl::random_internal_randen_hwaes_impl'
-- Conan: Component target declared 'absl::nullability'
-- Conan: Component target declared 'absl::raw_logging_internal'
-- Conan: Component target declared 'absl::base_internal'
-- Conan: Component target declared 'absl::container_common'
-- Conan: Component target declared 'absl::meta'
-- Conan: Component target declared 'absl::int128'
-- Conan: Component target declared 'absl::periodic_sampler'
-- Conan: Component target declared 'absl::random_internal_fastmath'
-- Conan: Component target declared 'absl::random_internal_randen_hwaes'
-- Conan: Component target declared 'absl::random_internal_uniform_helper'
-- Conan: Component target declared 'absl::compare'
-- Conan: Component target declared 'absl::spinlock_wait'
-- Conan: Component target declared 'absl::throw_delegate'
-- Conan: Component target declared 'absl::scoped_set_env'
-- Conan: Component target declared 'absl::algorithm_container'
-- Conan: Component target declared 'absl::common_policy_traits'
-- Conan: Component target declared 'absl::debugging_internal'
-- Conan: Component target declared 'absl::overload'
-- Conan: Component target declared 'absl::memory'
-- Conan: Component target declared 'absl::numeric'
-- Conan: Component target declared 'absl::random_internal_iostream_state_saver'
-- Conan: Component target declared 'absl::random_internal_generate_real'
-- Conan: Component target declared 'absl::random_internal_wide_multiply'
-- Conan: Component target declared 'absl::random_internal_randen'
-- Conan: Component target declared 'absl::cordz_functions'
-- Conan: Component target declared 'absl::bad_any_cast_impl'
-- Conan: Component target declared 'absl::bad_optional_access'
-- Conan: Component target declared 'absl::bad_variant_access'
-- Conan: Component target declared 'absl::utility'
-- Conan: Component target declared 'absl::base'
-- Conan: Component target declared 'absl::cleanup_internal'
-- Conan: Component target declared 'absl::compressed_tuple'
-- Conan: Component target declared 'absl::container_memory'
-- Conan: Component target declared 'absl::hash_policy_traits'
-- Conan: Component target declared 'absl::stacktrace'
-- Conan: Component target declared 'absl::any_invocable'
-- Conan: Component target declared 'absl::random_internal_distribution_caller'
-- Conan: Component target declared 'absl::random_internal_pcg_engine'
-- Conan: Component target declared 'absl::bad_any_cast'
-- Conan: Component target declared 'absl::span'
-- Conan: Component target declared 'absl::optional'
-- Conan: Component target declared 'absl::variant'
-- Conan: Component target declared 'absl::malloc_internal'
-- Conan: Component target declared 'absl::endian'
-- Conan: Component target declared 'absl::cleanup'
-- Conan: Component target declared 'absl::fixed_array'
-- Conan: Component target declared 'absl::inlined_vector_internal'
-- Conan: Component target declared 'absl::crc_cpu_detect'
-- Conan: Component target declared 'absl::demangle_internal'
-- Conan: Component target declared 'absl::debugging'
-- Conan: Component target declared 'absl::bind_front'
-- Conan: Component target declared 'absl::function_ref'
-- Conan: Component target declared 'absl::log_internal_conditions'
-- Conan: Component target declared 'absl::random_bit_gen_ref'
-- Conan: Component target declared 'absl::random_internal_mock_helpers'
-- Conan: Component target declared 'absl::string_view'
-- Conan: Component target declared 'absl::any'
-- Conan: Component target declared 'absl::inlined_vector'
-- Conan: Component target declared 'absl::crc_internal'
-- Conan: Component target declared 'absl::city'
-- Conan: Component target declared 'absl::low_level_hash'
-- Conan: Component target declared 'absl::random_internal_randen_engine'
-- Conan: Component target declared 'absl::charset'
-- Conan: Component target declared 'absl::strings_internal'
-- Conan: Component target declared 'absl::graphcycles_internal'
-- Conan: Component target declared 'absl::strings'
-- Conan: Component target declared 'absl::layout'
-- Conan: Component target declared 'absl::symbolize'
-- Conan: Component target declared 'absl::flags_path_util'
-- Conan: Component target declared 'absl::flags_commandlineflag'
-- Conan: Component target declared 'absl::hash'
-- Conan: Component target declared 'absl::log_internal_proto'
-- Conan: Component target declared 'absl::log_internal_nullstream'
-- Conan: Component target declared 'absl::log_internal_append_truncated'
-- Conan: Component target declared 'absl::log_internal_fnmatch'
-- Conan: Component target declared 'absl::random_distributions'
-- Conan: Component target declared 'absl::random_internal_seed_material'
-- Conan: Component target declared 'absl::str_format_internal'
-- Conan: Component target declared 'absl::time'
-- Conan: Component target declared 'absl::examine_stack'
-- Conan: Component target declared 'absl::flags_private_handle_accessor'
-- Conan: Component target declared 'absl::log_internal_globals'
-- Conan: Component target declared 'absl::log_entry'
-- Conan: Component target declared 'absl::random_internal_pool_urbg'
-- Conan: Component target declared 'absl::random_internal_salted_seed_seq'
-- Conan: Component target declared 'absl::str_format'
-- Conan: Component target declared 'absl::kernel_timeout_internal'
-- Conan: Component target declared 'absl::crc32c'
-- Conan: Component target declared 'absl::failure_signal_handler'
-- Conan: Component target declared 'absl::flags_marshalling'
-- Conan: Component target declared 'absl::log_internal_format'
-- Conan: Component target declared 'absl::log_sink'
-- Conan: Component target declared 'absl::random_seed_sequences'
-- Conan: Component target declared 'absl::random_internal_nonsecure_base'
-- Conan: Component target declared 'absl::random_internal_distribution_test_util'
-- Conan: Component target declared 'absl::synchronization'
-- Conan: Component target declared 'absl::crc_cord_state'
-- Conan: Component target declared 'absl::flags_program_name'
-- Conan: Component target declared 'absl::vlog_config_internal'
-- Conan: Component target declared 'absl::sample_recorder'
-- Conan: Component target declared 'absl::random_random'
-- Conan: Component target declared 'absl::cordz_statistics'
-- Conan: Component target declared 'absl::cordz_handle'
-- Conan: Component target declared 'absl::hashtablez_sampler'
-- Conan: Component target declared 'absl::flags_config'
-- Conan: Component target declared 'absl::log_globals'
-- Conan: Component target declared 'absl::absl_vlog_is_on'
-- Conan: Component target declared 'absl::cord_internal'
-- Conan: Component target declared 'absl::raw_hash_set'
-- Conan: Component target declared 'absl::flags_internal'
-- Conan: Component target declared 'absl::log_internal_log_sink_set'
-- Conan: Component target declared 'absl::log_initialize'
-- Conan: Component target declared 'absl::vlog_is_on'
-- Conan: Component target declared 'absl::cordz_info'
-- Conan: Component target declared 'absl::raw_hash_map'
-- Conan: Component target declared 'absl::log_sink_registry'
-- Conan: Component target declared 'absl::cordz_sample_token'
-- Conan: Component target declared 'absl::cordz_update_scope'
-- Conan: Component target declared 'absl::log_internal_message'
-- Conan: Component target declared 'absl::cord'
-- Conan: Component target declared 'absl::btree'
-- Conan: Component target declared 'absl::hash_function_defaults'
-- Conan: Component target declared 'absl::log_internal_strip'
-- Conan: Component target declared 'absl::log_internal_structured'
-- Conan: Component target declared 'absl::status'
-- Conan: Component target declared 'absl::flat_hash_map'
-- Conan: Component target declared 'absl::flat_hash_set'
-- Conan: Component target declared 'absl::node_hash_map'
-- Conan: Component target declared 'absl::node_hash_set'
-- Conan: Component target declared 'absl::log_internal_check_op'
-- Conan: Component target declared 'absl::log_internal_log_impl'
-- Conan: Component target declared 'absl::log_structured'
-- Conan: Component target declared 'absl::statusor'
-- Conan: Component target declared 'absl::flags_reflection'
-- Conan: Component target declared 'absl::log_internal_check_impl'
-- Conan: Component target declared 'absl::absl_log'
-- Conan: Component target declared 'absl::log'
-- Conan: Component target declared 'absl::flags'
-- Conan: Component target declared 'absl::absl_check'
-- Conan: Component target declared 'absl::check'
-- Conan: Component target declared 'absl::die_if_null'
-- Conan: Component target declared 'absl::log_streamer'
-- Conan: Component target declared 'absl::flags_usage_internal'
-- Conan: Component target declared 'absl::log_internal_flags'
-- Conan: Component target declared 'absl::flags_usage'
-- Conan: Component target declared 'absl::log_flags'
-- Conan: Component target declared 'absl::flags_parse'
-- Conan: Target declared 'abseil::abseil'
-- Conan: Including build module from 'C:/Users/Ursus/.conan2/p/abseidb962f4de207b/p/lib/cmake/conan_trick/cxx_std.cmake'
-- Conan: Including build module from 'C:/Users/Ursus/.conan2/p/b/proto7df597246efe4/p/lib/cmake/protobuf/protobuf-generate.cmake'
-- Conan: Including build module from 'C:/Users/Ursus/.conan2/p/b/proto7df597246efe4/p/lib/cmake/protobuf/protobuf-module.cmake'
-- Conan: Including build module from 'C:/Users/Ursus/.conan2/p/b/proto7df597246efe4/p/lib/cmake/protobuf/protobuf-options.cmake'
-- Conan: Including build module from 'C:/Users/Ursus/.conan2/p/b/proto7df597246efe4/p/lib/cmake/protobuf/protobuf-conan-protoc-target.cmake'
-- Conan: Component target declared 'gRPC::address_sorting'
-- Conan: Component target declared 'gRPC::gpr'
-- Conan: Component target declared 'gRPC::upb_base_lib'
-- Conan: Component target declared 'gRPC::upb_mem_lib'
-- Conan: Component target declared 'gRPC::utf8_range_lib'
-- Conan: Component target declared 'gRPC::grpc_plugin_support'
-- Conan: Component target declared 'gRPC::upb_mini_descriptor_lib'
-- Conan: Component target declared 'gRPC::upb_message_lib'
-- Conan: Component target declared 'gRPC::upb_wire_lib'
-- Conan: Component target declared 'gRPC::grpc_unsecure'
-- Conan: Component target declared 'gRPC::upb_json_lib'
-- Conan: Component target declared 'gRPC::upb_textformat_lib'
-- Conan: Component target declared 'gRPC::grpc_authorization_provider'
-- Conan: Component target declared 'gRPC::grpc'
-- Conan: Component target declared 'gRPC::grpc++_unsecure'
-- Conan: Component target declared 'gRPC::grpc++'
-- Conan: Component target declared 'gRPC::grpc++_alts'
-- Conan: Component target declared 'gRPC::grpc++_error_details'
-- Conan: Component target declared 'gRPC::grpc++_reflection'
-- Conan: Component target declared 'gRPC::grpcpp_channelz'
-- Conan: Target declared 'grpc::grpc'
-- Conan: Component target declared 'c-ares::cares'
-- Conan: Component target declared 'OpenSSL::Crypto'
-- Conan: Component target declared 'OpenSSL::SSL'
-- Conan: Target declared 'openssl::openssl'
-- Conan: Including build module from 'C:/Users/Ursus/.conan2/p/opensa26ab6857beb1/p/lib/cmake/conan-official-openssl-variables.cmake'
-- Conan: Target declared 're2::re2'
-- Conan: Including build module from 'C:/Users/Ursus/.conan2/p/grpce532dc1a2d607/p/lib/cmake/conan_trick/grpc_cpp_plugin.cmake'
-- Conan: Including build module from 'C:/Users/Ursus/.conan2/p/grpce532dc1a2d607/p/lib/cmake/conan_trick/grpc_csharp_plugin.cmake'
-- Conan: Including build module from 'C:/Users/Ursus/.conan2/p/grpce532dc1a2d607/p/lib/cmake/conan_trick/grpc_node_plugin.cmake'
-- Conan: Including build module from 'C:/Users/Ursus/.conan2/p/grpce532dc1a2d607/p/lib/cmake/conan_trick/grpc_objective_c_plugin.cmake'
-- Conan: Including build module from 'C:/Users/Ursus/.conan2/p/grpce532dc1a2d607/p/lib/cmake/conan_trick/grpc_php_plugin.cmake'
-- Conan: Including build module from 'C:/Users/Ursus/.conan2/p/grpce532dc1a2d607/p/lib/cmake/conan_trick/grpc_python_plugin.cmake'
-- Conan: Including build module from 'C:/Users/Ursus/.conan2/p/grpce532dc1a2d607/p/lib/cmake/conan_trick/grpc_ruby_plugin.cmake'
-- Configuring done (0.8s)
-- Generating done (0.3s)
-- Build files have been written to: R:/Development/Projects/Home/Erebus/erebus-server/build

r:\Development\Projects\Home\Erebus\erebus-server\build>popd
